<?xml version="1.0" encoding="UTF-8"?>
<!-- Generated by org.testng.reporters.JUnitReportReporter -->
<testsuite hostname="DESKTOP-HRGVVGN" failures="0" tests="7" name="com.test.CreateAccountTest" time="116.693" errors="0" timestamp="2021-04-06T16:32:13 EDT" skipped="0">
  <testcase classname="com.test.CreateAccountTest" name="typenameTest" time="14.581"/>
  <system-out/>
  <testcase classname="com.test.CreateAccountTest" name="typelnameTest" time="16.295"/>
  <system-out/>
  <testcase classname="com.test.CreateAccountTest" name="typenphoneTest" time="20.361"/>
  <system-out/>
  <testcase classname="com.test.CreateAccountTest" name="typeemailaddTest" time="13.362"/>
  <system-out/>
  <testcase classname="com.test.CreateAccountTest" name="typepasswTest" time="16.273"/>
  <system-out/>
  <testcase classname="com.test.CreateAccountTest" name="checktabTest" time="18.133"/>
  <system-out/>
  <testcase classname="com.test.CreateAccountTest" name="ClickcreatebtnTest" time="17.688"/>
  <system-out/>
</testsuite> <!-- com.test.CreateAccountTest -->
