<?xml version="1.0" encoding="UTF-8"?>
<!-- Generated by org.testng.reporters.JUnitReportReporter -->
<testsuite hostname="DESKTOP-HRGVVGN" failures="0" tests="4" name="com.test.MyAccounttabTest" time="72.404" errors="0" timestamp="2021-04-09T21:04:24 EDT" skipped="0">
  <testcase classname="com.test.MyAccounttabTest" name="ClickorderhistorytabTest" time="20.263"/>
  <system-out/>
  <testcase classname="com.test.MyAccounttabTest" name="ClickcreditcrdoptTest" time="17.679"/>
  <system-out/>
  <testcase classname="com.test.MyAccounttabTest" name="typefruitTest" time="19.358"/>
  <system-out/>
  <testcase classname="com.test.MyAccounttabTest" name="ClickonDealLinkTest" time="15.104"/>
  <system-out/>
</testsuite> <!-- com.test.MyAccounttabTest -->
