<?xml version="1.0" encoding="UTF-8"?>
<!-- Generated by org.testng.reporters.JUnitReportReporter -->
<testsuite hostname="DESKTOP-HRGVVGN" failures="0" tests="1" name="com.test.SigninPageTest" time="18.867" errors="0" timestamp="2021-04-06T15:50:41 EDT" skipped="0">
  <testcase classname="com.test.SigninPageTest" name="ClickcreatenewaccountbtnTest" time="18.867"/>
  <system-out/>
</testsuite> <!-- com.test.SigninPageTest -->
