<?xml version="1.0" encoding="UTF-8"?>
<!-- Generated by org.testng.reporters.JUnitReportReporter -->
<testsuite hostname="DESKTOP-HRGVVGN" failures="0" tests="1" name="com.test.FruitPageTest" time="23.281" errors="0" timestamp="2021-04-07T15:04:40 EDT" skipped="0">
  <testcase classname="com.test.FruitPageTest" name="ClickfruitbananaTest" time="23.281"/>
  <system-out/>
</testsuite> <!-- com.test.FruitPageTest -->
