<?xml version="1.0" encoding="UTF-8"?>
<!-- Generated by org.testng.reporters.JUnitReportReporter -->
<testsuite hostname="DESKTOP-HRGVVGN" failures="0" tests="1" name="com.test.CheckoutTest" time="55.749" errors="0" timestamp="2021-04-07T16:13:10 EDT" skipped="0">
  <testcase classname="com.test.CheckoutTest" name="ClickcheckoutTest" time="55.749"/>
  <system-out/>
</testsuite> <!-- com.test.CheckoutTest -->
