<?xml version="1.0" encoding="UTF-8"?>
<!-- Generated by org.testng.reporters.JUnitReportReporter -->
<testsuite hostname="DESKTOP-HRGVVGN" failures="0" tests="3" name="com.test.HomePageTest" time="60.169" errors="0" timestamp="2021-04-09T20:27:33 EDT" skipped="0">
  <testcase classname="com.test.HomePageTest" name="verifyHomePaeClassTitleTest" time="17.519"/>
  <system-out/>
  <testcase classname="com.test.HomePageTest" name="ClickonDealLinkTest" time="17.885"/>
  <system-out/>
  <testcase classname="com.test.HomePageTest" name="ClickonMyAccountLinkTest" time="24.765"/>
  <system-out/>
</testsuite> <!-- com.test.HomePageTest -->
