<?xml version="1.0" encoding="UTF-8"?>
<!-- Generated by org.testng.reporters.JUnitReportReporter -->
<testsuite hostname="DESKTOP-HRGVVGN" failures="0" tests="1" name="com.test.AddtoCartTest" time="107.969" errors="0" timestamp="2021-04-08T09:58:20 EDT" skipped="0">
  <testcase classname="com.test.AddtoCartTest" name="ClickpageTest" time="107.969"/>
  <system-out/>
</testsuite> <!-- com.test.AddtoCartTest -->
